[1207/093352.807:ERROR:directory_reader_win.cc(43)] FindFirstFile: 지정된 경로를 찾을 수 없습니다. (0x3)
[1208/094533.193:ERROR:directory_reader_win.cc(43)] FindFirstFile: 지정된 경로를 찾을 수 없습니다. (0x3)
[1209/171614.935:ERROR:directory_reader_win.cc(43)] FindFirstFile: 지정된 경로를 찾을 수 없습니다. (0x3)
[1214/145149.471:ERROR:process_memory_win.cc(73)] ReadMemory at 0x2f336d94c90 of 32 bytes failed: ReadProcessMemory 또는 WriteProcessMemory의 일부 작업만을 마쳤습니다. (0x12B)
[1214/145149.471:WARNING:pe_image_annotations_reader.cc(147)] could not read annotation at index 5 in C:\Program Files (x86)\Google\Chrome\Application\87.0.4280.88\chrome.dll
[1214/145149.472:ERROR:process_memory_win.cc(73)] ReadMemory at 0x2f336d3e120 of 72 bytes failed: ReadProcessMemory 또는 WriteProcessMemory의 일부 작업만을 마쳤습니다. (0x12B)
[1214/145149.472:WARNING:pe_image_annotations_reader.cc(135)] could not read annotations list object in C:\Program Files (x86)\Google\Chrome\Application\87.0.4280.88\chrome_elf.dll
[1214/145149.473:ERROR:process_memory_win.cc(73)] ReadMemory at 0x2f336d70d40 of 72 bytes failed: ReadProcessMemory 또는 WriteProcessMemory의 일부 작업만을 마쳤습니다. (0x12B)
[1214/145149.473:WARNING:pe_image_annotations_reader.cc(135)] could not read annotations list object in C:\Program Files (x86)\Google\Chrome\Application\87.0.4280.88\chrome.dll
[1214/145149.480:ERROR:process_memory_win.cc(73)] ReadMemory at 0xf72cdf5000 of 45056 bytes failed: ReadProcessMemory 또는 WriteProcessMemory의 일부 작업만을 마쳤습니다. (0x12B)
[1214/145149.480:ERROR:process_memory_win.cc(73)] ReadMemory at 0xf72d5fe000 of 8192 bytes failed: ReadProcessMemory 또는 WriteProcessMemory의 일부 작업만을 마쳤습니다. (0x12B)
[1214/145149.480:ERROR:process_memory_win.cc(73)] ReadMemory at 0xf72ddfe000 of 8192 bytes failed: ReadProcessMemory 또는 WriteProcessMemory의 일부 작업만을 마쳤습니다. (0x12B)
[1214/145149.480:ERROR:process_memory_win.cc(73)] ReadMemory at 0xf72e5fe000 of 8192 bytes failed: ReadProcessMemory 또는 WriteProcessMemory의 일부 작업만을 마쳤습니다. (0x12B)
[1214/145149.480:ERROR:process_memory_win.cc(73)] ReadMemory at 0xf72edfd000 of 12288 bytes failed: ReadProcessMemory 또는 WriteProcessMemory의 일부 작업만을 마쳤습니다. (0x12B)
[1214/145149.480:ERROR:process_memory_win.cc(73)] ReadMemory at 0xf72f5fe000 of 8192 bytes failed: ReadProcessMemory 또는 WriteProcessMemory의 일부 작업만을 마쳤습니다. (0x12B)
[1214/145149.481:ERROR:process_memory_win.cc(73)] ReadMemory at 0xf72fdfe000 of 8192 bytes failed: ReadProcessMemory 또는 WriteProcessMemory의 일부 작업만을 마쳤습니다. (0x12B)
[1214/145149.481:ERROR:process_memory_win.cc(73)] ReadMemory at 0xf7305fe000 of 8192 bytes failed: ReadProcessMemory 또는 WriteProcessMemory의 일부 작업만을 마쳤습니다. (0x12B)
[1214/145149.481:ERROR:process_memory_win.cc(73)] ReadMemory at 0xf730dfd000 of 12288 bytes failed: ReadProcessMemory 또는 WriteProcessMemory의 일부 작업만을 마쳤습니다. (0x12B)
[1214/145149.481:ERROR:process_memory_win.cc(73)] ReadMemory at 0xf7315fe000 of 8192 bytes failed: ReadProcessMemory 또는 WriteProcessMemory의 일부 작업만을 마쳤습니다. (0x12B)
[1214/145149.481:ERROR:process_memory_win.cc(73)] ReadMemory at 0xf731dfe000 of 8192 bytes failed: ReadProcessMemory 또는 WriteProcessMemory의 일부 작업만을 마쳤습니다. (0x12B)
[1214/145149.481:ERROR:process_memory_win.cc(73)] ReadMemory at 0xf7325fe000 of 8192 bytes failed: ReadProcessMemory 또는 WriteProcessMemory의 일부 작업만을 마쳤습니다. (0x12B)
[1214/145149.481:ERROR:process_memory_win.cc(73)] ReadMemory at 0xf732dfe000 of 8192 bytes failed: ReadProcessMemory 또는 WriteProcessMemory의 일부 작업만을 마쳤습니다. (0x12B)
[1214/145149.481:ERROR:process_memory_win.cc(73)] ReadMemory at 0xf7335fe000 of 8192 bytes failed: ReadProcessMemory 또는 WriteProcessMemory의 일부 작업만을 마쳤습니다. (0x12B)
[1214/145149.481:ERROR:process_memory_win.cc(73)] ReadMemory at 0xf72c4b9000 of 852 bytes failed: ReadProcessMemory 또는 WriteProcessMemory의 일부 작업만을 마쳤습니다. (0x12B)
[1214/145149.481:ERROR:process_memory_win.cc(73)] ReadMemory at 0xf72c4ba000 of 6024 bytes failed: ReadProcessMemory 또는 WriteProcessMemory의 일부 작업만을 마쳤습니다. (0x12B)
[1214/145149.481:ERROR:process_memory_win.cc(73)] ReadMemory at 0xf72c4bc000 of 6024 bytes failed: ReadProcessMemory 또는 WriteProcessMemory의 일부 작업만을 마쳤습니다. (0x12B)
[1214/145149.481:ERROR:process_memory_win.cc(73)] ReadMemory at 0xf72c4be000 of 6024 bytes failed: ReadProcessMemory 또는 WriteProcessMemory의 일부 작업만을 마쳤습니다. (0x12B)
[1214/145149.481:ERROR:process_memory_win.cc(73)] ReadMemory at 0xf72c4c0000 of 6024 bytes failed: ReadProcessMemory 또는 WriteProcessMemory의 일부 작업만을 마쳤습니다. (0x12B)
[1214/145149.481:ERROR:process_memory_win.cc(73)] ReadMemory at 0xf72c4c2000 of 6024 bytes failed: ReadProcessMemory 또는 WriteProcessMemory의 일부 작업만을 마쳤습니다. (0x12B)
[1214/145149.482:ERROR:process_memory_win.cc(73)] ReadMemory at 0xf72c4c4000 of 6024 bytes failed: ReadProcessMemory 또는 WriteProcessMemory의 일부 작업만을 마쳤습니다. (0x12B)
[1214/145149.482:ERROR:process_memory_win.cc(73)] ReadMemory at 0xf72c4c6000 of 6024 bytes failed: ReadProcessMemory 또는 WriteProcessMemory의 일부 작업만을 마쳤습니다. (0x12B)
[1214/145149.482:ERROR:process_memory_win.cc(73)] ReadMemory at 0xf72c4c8000 of 6024 bytes failed: ReadProcessMemory 또는 WriteProcessMemory의 일부 작업만을 마쳤습니다. (0x12B)
[1214/145149.482:ERROR:process_memory_win.cc(73)] ReadMemory at 0xf72c4ca000 of 6024 bytes failed: ReadProcessMemory 또는 WriteProcessMemory의 일부 작업만을 마쳤습니다. (0x12B)
[1214/145149.482:ERROR:process_memory_win.cc(73)] ReadMemory at 0xf72c4cc000 of 6024 bytes failed: ReadProcessMemory 또는 WriteProcessMemory의 일부 작업만을 마쳤습니다. (0x12B)
[1214/145149.482:ERROR:process_memory_win.cc(73)] ReadMemory at 0xf72c4ce000 of 6024 bytes failed: ReadProcessMemory 또는 WriteProcessMemory의 일부 작업만을 마쳤습니다. (0x12B)
[1214/145149.482:ERROR:process_memory_win.cc(73)] ReadMemory at 0xf72c4d0000 of 6024 bytes failed: ReadProcessMemory 또는 WriteProcessMemory의 일부 작업만을 마쳤습니다. (0x12B)
[1214/145149.482:ERROR:process_memory_win.cc(73)] ReadMemory at 0xf72c4d2000 of 6024 bytes failed: ReadProcessMemory 또는 WriteProcessMemory의 일부 작업만을 마쳤습니다. (0x12B)
[1214/145149.482:ERROR:process_memory_win.cc(73)] ReadMemory at 0xf72c4d4000 of 6024 bytes failed: ReadProcessMemory 또는 WriteProcessMemory의 일부 작업만을 마쳤습니다. (0x12B)
[1214/145149.482:ERROR:process_memory_win.cc(73)] ReadMemory at 0x2f336d30fe0 of 4190 bytes failed: ReadProcessMemory 또는 WriteProcessMemory의 일부 작업만을 마쳤습니다. (0x12B)
[1214/145149.482:ERROR:process_memory_win.cc(73)] ReadMemory at 0x2f336d32050 of 1012 bytes failed: ReadProcessMemory 또는 WriteProcessMemory의 일부 작업만을 마쳤습니다. (0x12B)
[1214/145149.482:ERROR:process_memory_win.cc(73)] ReadMemory at 0x2f336d32698 of 118 bytes failed: ReadProcessMemory 또는 WriteProcessMemory의 일부 작업만을 마쳤습니다. (0x12B)
[1214/145149.482:ERROR:process_memory_win.cc(73)] ReadMemory at 0x2f336d32710 of 756 bytes failed: ReadProcessMemory 또는 WriteProcessMemory의 일부 작업만을 마쳤습니다. (0x12B)
[1214/145149.483:ERROR:process_memory_win.cc(73)] ReadMemory at 0x2f336d32a06 of 118 bytes failed: ReadProcessMemory 또는 WriteProcessMemory의 일부 작업만을 마쳤습니다. (0x12B)
[1214/145149.483:ERROR:process_memory_win.cc(73)] ReadMemory at 0x2f336d32a7e of 100 bytes failed: ReadProcessMemory 또는 WriteProcessMemory의 일부 작업만을 마쳤습니다. (0x12B)
[1214/145149.483:ERROR:process_memory_win.cc(73)] ReadMemory at 0x2f336d32af0 of 58 bytes failed: ReadProcessMemory 또는 WriteProcessMemory의 일부 작업만을 마쳤습니다. (0x12B)
[1214/145149.483:ERROR:process_memory_win.cc(73)] ReadMemory at 0x2f336d32bf0 of 132 bytes failed: ReadProcessMemory 또는 WriteProcessMemory의 일부 작업만을 마쳤습니다. (0x12B)
[1214/145149.483:ERROR:process_memory_win.cc(73)] ReadMemory at 0x2f336d32d80 of 132 bytes failed: ReadProcessMemory 또는 WriteProcessMemory의 일부 작업만을 마쳤습니다. (0x12B)
[1214/145149.483:ERROR:process_memory_win.cc(73)] ReadMemory at 0x2f336d32f40 of 124 bytes failed: ReadProcessMemory 또는 WriteProcessMemory의 일부 작업만을 마쳤습니다. (0x12B)
[1214/145149.483:ERROR:process_memory_win.cc(73)] ReadMemory at 0x2f336d33440 of 132 bytes failed: ReadProcessMemory 또는 WriteProcessMemory의 일부 작업만을 마쳤습니다. (0x12B)
[1214/145149.483:ERROR:process_memory_win.cc(73)] ReadMemory at 0x2f336d335d0 of 64 bytes failed: ReadProcessMemory 또는 WriteProcessMemory의 일부 작업만을 마쳤습니다. (0x12B)
[1214/145149.483:ERROR:process_memory_win.cc(73)] ReadMemory at 0x2f336d33790 of 132 bytes failed: ReadProcessMemory 또는 WriteProcessMemory의 일부 작업만을 마쳤습니다. (0x12B)
[1214/145149.483:ERROR:process_memory_win.cc(73)] ReadMemory at 0x2f336d33a50 of 132 bytes failed: ReadProcessMemory 또는 WriteProcessMemory의 일부 작업만을 마쳤습니다. (0x12B)
[1214/145149.483:ERROR:process_memory_win.cc(73)] ReadMemory at 0x2f336d33be0 of 68 bytes failed: ReadProcessMemory 또는 WriteProcessMemory의 일부 작업만을 마쳤습니다. (0x12B)
[1214/145149.483:ERROR:process_memory_win.cc(73)] ReadMemory at 0x2f336d34c50 of 132 bytes failed: ReadProcessMemory 또는 WriteProcessMemory의 일부 작업만을 마쳤습니다. (0x12B)
[1214/145149.483:ERROR:process_memory_win.cc(73)] ReadMemory at 0x2f336d34d80 of 152 bytes failed: ReadProcessMemory 또는 WriteProcessMemory의 일부 작업만을 마쳤습니다. (0x12B)
[1214/145149.483:ERROR:process_memory_win.cc(73)] ReadMemory at 0x2f336d35b00 of 62 bytes failed: ReadProcessMemory 또는 WriteProcessMemory의 일부 작업만을 마쳤습니다. (0x12B)
[1214/145149.483:ERROR:process_memory_win.cc(73)] ReadMemory at 0x2f336d35c30 of 132 bytes failed: ReadProcessMemory 또는 WriteProcessMemory의 일부 작업만을 마쳤습니다. (0x12B)
[1214/145149.483:ERROR:process_memory_win.cc(73)] ReadMemory at 0x2f336d35dc0 of 60 bytes failed: ReadProcessMemory 또는 WriteProcessMemory의 일부 작업만을 마쳤습니다. (0x12B)
[1214/145149.483:ERROR:process_memory_win.cc(73)] ReadMemory at 0x2f336d3df40 of 60 bytes failed: ReadProcessMemory 또는 WriteProcessMemory의 일부 작업만을 마쳤습니다. (0x12B)
[1214/145149.483:ERROR:process_memory_win.cc(73)] ReadMemory at 0x2f336d3e8b0 of 80 bytes failed: ReadProcessMemory 또는 WriteProcessMemory의 일부 작업만을 마쳤습니다. (0x12B)
[1214/145149.484:ERROR:process_memory_win.cc(73)] ReadMemory at 0x2f336d42bb0 of 144 bytes failed: ReadProcessMemory 또는 WriteProcessMemory의 일부 작업만을 마쳤습니다. (0x12B)
[1214/145149.484:ERROR:process_memory_win.cc(73)] ReadMemory at 0x2f336d42df0 of 132 bytes failed: ReadProcessMemory 또는 WriteProcessMemory의 일부 작업만을 마쳤습니다. (0x12B)
[1214/145149.484:ERROR:process_memory_win.cc(73)] ReadMemory at 0x2f336d42f20 of 132 bytes failed: ReadProcessMemory 또는 WriteProcessMemory의 일부 작업만을 마쳤습니다. (0x12B)
[1214/145149.484:ERROR:process_memory_win.cc(73)] ReadMemory at 0x2f336d43050 of 132 bytes failed: ReadProcessMemory 또는 WriteProcessMemory의 일부 작업만을 마쳤습니다. (0x12B)
[1214/145149.484:ERROR:process_memory_win.cc(73)] ReadMemory at 0x2f336d45a70 of 132 bytes failed: ReadProcessMemory 또는 WriteProcessMemory의 일부 작업만을 마쳤습니다. (0x12B)
[1214/145149.484:ERROR:process_memory_win.cc(73)] ReadMemory at 0x2f336d45ba0 of 132 bytes failed: ReadProcessMemory 또는 WriteProcessMemory의 일부 작업만을 마쳤습니다. (0x12B)
[1214/145149.484:ERROR:process_memory_win.cc(73)] ReadMemory at 0x2f336d45ef0 of 132 bytes failed: ReadProcessMemory 또는 WriteProcessMemory의 일부 작업만을 마쳤습니다. (0x12B)
[1214/145149.484:ERROR:process_memory_win.cc(73)] ReadMemory at 0x2f336d46150 of 132 bytes failed: ReadProcessMemory 또는 WriteProcessMemory의 일부 작업만을 마쳤습니다. (0x12B)
[1214/145149.484:ERROR:process_memory_win.cc(73)] ReadMemory at 0x2f336d46280 of 132 bytes failed: ReadProcessMemory 또는 WriteProcessMemory의 일부 작업만을 마쳤습니다. (0x12B)
[1214/145149.484:ERROR:process_memory_win.cc(73)] ReadMemory at 0x2f336d463b0 of 132 bytes failed: ReadProcessMemory 또는 WriteProcessMemory의 일부 작업만을 마쳤습니다. (0x12B)
[1214/145149.484:ERROR:process_memory_win.cc(73)] ReadMemory at 0x2f336d464e0 of 132 bytes failed: ReadProcessMemory 또는 WriteProcessMemory의 일부 작업만을 마쳤습니다. (0x12B)
[1214/145149.484:ERROR:process_memory_win.cc(73)] ReadMemory at 0x2f336d46610 of 132 bytes failed: ReadProcessMemory 또는 WriteProcessMemory의 일부 작업만을 마쳤습니다. (0x12B)
[1214/145149.484:ERROR:process_memory_win.cc(73)] ReadMemory at 0x2f336d46740 of 132 bytes failed: ReadProcessMemory 또는 WriteProcessMemory의 일부 작업만을 마쳤습니다. (0x12B)
[1214/145149.484:ERROR:process_memory_win.cc(73)] ReadMemory at 0x2f336d46870 of 132 bytes failed: ReadProcessMemory 또는 WriteProcessMemory의 일부 작업만을 마쳤습니다. (0x12B)
[1214/145149.484:ERROR:process_memory_win.cc(73)] ReadMemory at 0x2f336d469a0 of 132 bytes failed: ReadProcessMemory 또는 WriteProcessMemory의 일부 작업만을 마쳤습니다. (0x12B)
[1214/145149.484:ERROR:process_memory_win.cc(73)] ReadMemory at 0x2f336d46ad0 of 132 bytes failed: ReadProcessMemory 또는 WriteProcessMemory의 일부 작업만을 마쳤습니다. (0x12B)
[1214/145149.484:ERROR:process_memory_win.cc(73)] ReadMemory at 0x2f336d46c00 of 132 bytes failed: ReadProcessMemory 또는 WriteProcessMemory의 일부 작업만을 마쳤습니다. (0x12B)
[1214/145149.484:ERROR:process_memory_win.cc(73)] ReadMemory at 0x2f336d46d30 of 132 bytes failed: ReadProcessMemory 또는 WriteProcessMemory의 일부 작업만을 마쳤습니다. (0x12B)
[1214/145149.484:ERROR:process_memory_win.cc(73)] ReadMemory at 0x2f336d46e60 of 132 bytes failed: ReadProcessMemory 또는 WriteProcessMemory의 일부 작업만을 마쳤습니다. (0x12B)
[1214/145149.484:ERROR:process_memory_win.cc(73)] ReadMemory at 0x2f336d46f90 of 132 bytes failed: ReadProcessMemory 또는 WriteProcessMemory의 일부 작업만을 마쳤습니다. (0x12B)
[1214/145149.484:ERROR:process_memory_win.cc(73)] ReadMemory at 0x2f336d47eb0 of 132 bytes failed: ReadProcessMemory 또는 WriteProcessMemory의 일부 작업만을 마쳤습니다. (0x12B)
[1214/145149.485:ERROR:process_memory_win.cc(73)] ReadMemory at 0x2f336d496d0 of 132 bytes failed: ReadProcessMemory 또는 WriteProcessMemory의 일부 작업만을 마쳤습니다. (0x12B)
[1214/145149.485:ERROR:process_memory_win.cc(73)] ReadMemory at 0x2f336d498e0 of 132 bytes failed: ReadProcessMemory 또는 WriteProcessMemory의 일부 작업만을 마쳤습니다. (0x12B)
[1214/145149.485:ERROR:process_memory_win.cc(73)] ReadMemory at 0x2f336d49d70 of 64 bytes failed: ReadProcessMemory 또는 WriteProcessMemory의 일부 작업만을 마쳤습니다. (0x12B)
[1214/145149.485:ERROR:process_memory_win.cc(73)] ReadMemory at 0x2f336d49e60 of 58 bytes failed: ReadProcessMemory 또는 WriteProcessMemory의 일부 작업만을 마쳤습니다. (0x12B)
[1214/145149.485:ERROR:process_memory_win.cc(73)] ReadMemory at 0x2f336d49fa0 of 62 bytes failed: ReadProcessMemory 또는 WriteProcessMemory의 일부 작업만을 마쳤습니다. (0x12B)
[1214/145149.485:ERROR:process_memory_win.cc(73)] ReadMemory at 0x2f336d4a040 of 64 bytes failed: ReadProcessMemory 또는 WriteProcessMemory의 일부 작업만을 마쳤습니다. (0x12B)
[1214/145149.485:ERROR:process_memory_win.cc(73)] ReadMemory at 0x2f336d4a180 of 62 bytes failed: ReadProcessMemory 또는 WriteProcessMemory의 일부 작업만을 마쳤습니다. (0x12B)
[1214/145149.485:ERROR:process_memory_win.cc(73)] ReadMemory at 0x2f336d4a270 of 64 bytes failed: ReadProcessMemory 또는 WriteProcessMemory의 일부 작업만을 마쳤습니다. (0x12B)
[1214/145149.485:ERROR:process_memory_win.cc(73)] ReadMemory at 0x2f336d4a2c0 of 60 bytes failed: ReadProcessMemory 또는 WriteProcessMemory의 일부 작업만을 마쳤습니다. (0x12B)
[1214/145149.485:ERROR:process_memory_win.cc(73)] ReadMemory at 0x2f336d4a310 of 62 bytes failed: ReadProcessMemory 또는 WriteProcessMemory의 일부 작업만을 마쳤습니다. (0x12B)
[1214/145149.485:ERROR:process_memory_win.cc(73)] ReadMemory at 0x2f336d4a3b0 of 62 bytes failed: ReadProcessMemory 또는 WriteProcessMemory의 일부 작업만을 마쳤습니다. (0x12B)
[1214/145149.485:ERROR:process_memory_win.cc(73)] ReadMemory at 0x2f336d4a450 of 62 bytes failed: ReadProcessMemory 또는 WriteProcessMemory의 일부 작업만을 마쳤습니다. (0x12B)
[1214/145149.485:ERROR:process_memory_win.cc(73)] ReadMemory at 0x2f336d4a4f0 of 62 bytes failed: ReadProcessMemory 또는 WriteProcessMemory의 일부 작업만을 마쳤습니다. (0x12B)
[1214/145149.485:ERROR:process_memory_win.cc(73)] ReadMemory at 0x2f336d4a540 of 64 bytes failed: ReadProcessMemory 또는 WriteProcessMemory의 일부 작업만을 마쳤습니다. (0x12B)
[1214/145149.485:ERROR:process_memory_win.cc(73)] ReadMemory at 0x2f336d4a590 of 62 bytes failed: ReadProcessMemory 또는 WriteProcessMemory의 일부 작업만을 마쳤습니다. (0x12B)
[1214/145149.485:ERROR:process_memory_win.cc(73)] ReadMemory at 0x2f336d4a5e0 of 66 bytes failed: ReadProcessMemory 또는 WriteProcessMemory의 일부 작업만을 마쳤습니다. (0x12B)
[1214/145149.485:ERROR:process_memory_win.cc(73)] ReadMemory at 0x2f336d4a630 of 64 bytes failed: ReadProcessMemory 또는 WriteProcessMemory의 일부 작업만을 마쳤습니다. (0x12B)
[1214/145149.485:ERROR:process_memory_win.cc(73)] ReadMemory at 0x2f336d4a7c0 of 64 bytes failed: ReadProcessMemory 또는 WriteProcessMemory의 일부 작업만을 마쳤습니다. (0x12B)
[1214/145149.486:ERROR:process_memory_win.cc(73)] ReadMemory at 0x2f336d4a950 of 60 bytes failed: ReadProcessMemory 또는 WriteProcessMemory의 일부 작업만을 마쳤습니다. (0x12B)
[1214/145149.486:ERROR:process_memory_win.cc(73)] ReadMemory at 0x2f336d4a9a0 of 62 bytes failed: ReadProcessMemory 또는 WriteProcessMemory의 일부 작업만을 마쳤습니다. (0x12B)
[1214/145149.486:ERROR:process_memory_win.cc(73)] ReadMemory at 0x2f336d4aa90 of 62 bytes failed: ReadProcessMemory 또는 WriteProcessMemory의 일부 작업만을 마쳤습니다. (0x12B)
[1214/145149.486:ERROR:process_memory_win.cc(73)] ReadMemory at 0x2f336d4ac70 of 64 bytes failed: ReadProcessMemory 또는 WriteProcessMemory의 일부 작업만을 마쳤습니다. (0x12B)
[1214/145149.486:ERROR:process_memory_win.cc(73)] ReadMemory at 0x2f336d4acc0 of 60 bytes failed: ReadProcessMemory 또는 WriteProcessMemory의 일부 작업만을 마쳤습니다. (0x12B)
[1214/145149.486:ERROR:process_memory_win.cc(73)] ReadMemory at 0x2f336d4c160 of 80 bytes failed: ReadProcessMemory 또는 WriteProcessMemory의 일부 작업만을 마쳤습니다. (0x12B)
[1214/145149.486:ERROR:process_memory_win.cc(73)] ReadMemory at 0x2f336d515d0 of 132 bytes failed: ReadProcessMemory 또는 WriteProcessMemory의 일부 작업만을 마쳤습니다. (0x12B)
[1214/145149.486:ERROR:process_memory_win.cc(73)] ReadMemory at 0x2f336d51e20 of 132 bytes failed: ReadProcessMemory 또는 WriteProcessMemory의 일부 작업만을 마쳤습니다. (0x12B)
[1214/145149.486:ERROR:process_memory_win.cc(73)] ReadMemory at 0x2f336d51f50 of 132 bytes failed: ReadProcessMemory 또는 WriteProcessMemory의 일부 작업만을 마쳤습니다. (0x12B)
[1214/145149.486:ERROR:process_memory_win.cc(73)] ReadMemory at 0x2f336da4360 of 512 bytes failed: ReadProcessMemory 또는 WriteProcessMemory의 일부 작업만을 마쳤습니다. (0x12B)
[1214/145149.486:ERROR:process_memory_win.cc(73)] ReadMemory at 0x2f336da5760 of 640 bytes failed: ReadProcessMemory 또는 WriteProcessMemory의 일부 작업만을 마쳤습니다. (0x12B)
[1214/145149.486:ERROR:process_memory_win.cc(73)] ReadMemory at 0x2f336db2b30 of 512 bytes failed: ReadProcessMemory 또는 WriteProcessMemory의 일부 작업만을 마쳤습니다. (0x12B)
[1214/145149.486:ERROR:process_memory_win.cc(73)] ReadMemory at 0x2f336dd44a0 of 512 bytes failed: ReadProcessMemory 또는 WriteProcessMemory의 일부 작업만을 마쳤습니다. (0x12B)
[1214/145149.486:ERROR:process_memory_win.cc(73)] ReadMemory at 0x2f336ddad20 of 512 bytes failed: ReadProcessMemory 또는 WriteProcessMemory의 일부 작업만을 마쳤습니다. (0x12B)
[1214/145149.486:ERROR:process_memory_win.cc(73)] ReadMemory at 0x2f336dddc90 of 512 bytes failed: ReadProcessMemory 또는 WriteProcessMemory의 일부 작업만을 마쳤습니다. (0x12B)
[1214/145149.486:ERROR:process_memory_win.cc(73)] ReadMemory at 0x2f336df9b80 of 712 bytes failed: ReadProcessMemory 또는 WriteProcessMemory의 일부 작업만을 마쳤습니다. (0x12B)
[1214/145149.486:ERROR:process_memory_win.cc(73)] ReadMemory at 0x2f336e00ac0 of 512 bytes failed: ReadProcessMemory 또는 WriteProcessMemory의 일부 작업만을 마쳤습니다. (0x12B)
[1214/145149.486:ERROR:process_memory_win.cc(73)] ReadMemory at 0x2f336e01140 of 512 bytes failed: ReadProcessMemory 또는 WriteProcessMemory의 일부 작업만을 마쳤습니다. (0x12B)
[1214/145149.486:ERROR:process_memory_win.cc(73)] ReadMemory at 0x2f336f40d00 of 512 bytes failed: ReadProcessMemory 또는 WriteProcessMemory의 일부 작업만을 마쳤습니다. (0x12B)
[1214/145149.487:ERROR:process_memory_win.cc(73)] ReadMemory at 0x2f336f41c00 of 512 bytes failed: ReadProcessMemory 또는 WriteProcessMemory의 일부 작업만을 마쳤습니다. (0x12B)
[1214/145149.487:ERROR:process_memory_win.cc(73)] ReadMemory at 0x2f336f41f00 of 512 bytes failed: ReadProcessMemory 또는 WriteProcessMemory의 일부 작업만을 마쳤습니다. (0x12B)
[1214/145149.487:ERROR:process_memory_win.cc(73)] ReadMemory at 0x2f3388a3aa0 of 512 bytes failed: ReadProcessMemory 또는 WriteProcessMemory의 일부 작업만을 마쳤습니다. (0x12B)
[1214/145149.487:ERROR:process_memory_win.cc(73)] ReadMemory at 0x2f338c358e0 of 512 bytes failed: ReadProcessMemory 또는 WriteProcessMemory의 일부 작업만을 마쳤습니다. (0x12B)
[1214/145149.487:ERROR:process_memory_win.cc(73)] ReadMemory at 0x7ab4d049d008 of 512 bytes failed: ReadProcessMemory 또는 WriteProcessMemory의 일부 작업만을 마쳤습니다. (0x12B)
[1214/145149.487:ERROR:process_memory_win.cc(73)] ReadMemory at 0x7ff984efc460 of 512 bytes failed: ReadProcessMemory 또는 WriteProcessMemory의 일부 작업만을 마쳤습니다. (0x12B)
[1214/145149.487:ERROR:process_memory_win.cc(73)] ReadMemory at 0x7ff98606fa45 of 512 bytes failed: ReadProcessMemory 또는 WriteProcessMemory의 일부 작업만을 마쳤습니다. (0x12B)
[1214/145149.487:ERROR:process_memory_win.cc(73)] ReadMemory at 0x7ff98a3433b0 of 512 bytes failed: ReadProcessMemory 또는 WriteProcessMemory의 일부 작업만을 마쳤습니다. (0x12B)
[1214/145149.487:ERROR:process_memory_win.cc(73)] ReadMemory at 0x7ff98ad33438 of 512 bytes failed: ReadProcessMemory 또는 WriteProcessMemory의 일부 작업만을 마쳤습니다. (0x12B)
[1214/145149.487:ERROR:process_memory_win.cc(73)] ReadMemory at 0x7ff9c66dd738 of 512 bytes failed: ReadProcessMemory 또는 WriteProcessMemory의 일부 작업만을 마쳤습니다. (0x12B)
[1214/145149.487:ERROR:process_memory_win.cc(73)] ReadMemory at 0x7ff9c8614a50 of 512 bytes failed: ReadProcessMemory 또는 WriteProcessMemory의 일부 작업만을 마쳤습니다. (0x12B)
[1214/145149.487:ERROR:process_memory_win.cc(73)] ReadMemory at 0x7ff9c886bda4 of 672 bytes failed: ReadProcessMemory 또는 WriteProcessMemory의 일부 작업만을 마쳤습니다. (0x12B)
[1214/145149.487:ERROR:process_memory_win.cc(73)] ReadMemory at 0x7ff9c886c3a4 of 512 bytes failed: ReadProcessMemory 또는 WriteProcessMemory의 일부 작업만을 마쳤습니다. (0x12B)
[1214/145149.487:ERROR:process_memory_win.cc(73)] ReadMemory at 0x7ff9c886f714 of 608 bytes failed: ReadProcessMemory 또는 WriteProcessMemory의 일부 작업만을 마쳤습니다. (0x12B)
[1214/145149.487:ERROR:process_memory_win.cc(73)] ReadMemory at 0x7ff9c89009e0 of 18 bytes failed: ReadProcessMemory 또는 WriteProcessMemory의 일부 작업만을 마쳤습니다. (0x12B)
[1214/145149.487:ERROR:process_memory_win.cc(73)] ReadMemory at 0x7ff9c89354f8 of 40 bytes failed: ReadProcessMemory 또는 WriteProcessMemory의 일부 작업만을 마쳤습니다. (0x12B)
[1214/145149.487:ERROR:process_memory_win.cc(73)] ReadMemory at 0x7ff9c8935978 of 48 bytes failed: ReadProcessMemory 또는 WriteProcessMemory의 일부 작업만을 마쳤습니다. (0x12B)
[1214/145149.487:ERROR:process_memory_win.cc(73)] ReadMemory at 0x7ff9c893b4c0 of 64 bytes failed: ReadProcessMemory 또는 WriteProcessMemory의 일부 작업만을 마쳤습니다. (0x12B)
[1214/145149.489:ERROR:scoped_process_suspend.cc(40)] NtResumeProcess: 기존 프로세스에 액세스하려고 했습니다. (0xc000010a)
[1214/145836.289:ERROR:directory_reader_win.cc(43)] FindFirstFile: 지정된 경로를 찾을 수 없습니다. (0x3)
[1214/145929.803:ERROR:scoped_process_suspend.cc(40)] NtResumeProcess: 기존 프로세스에 액세스하려고 했습니다. (0xc000010a)
